G75*
%MOIN*%
%OFA0B0*%
%FSLAX25Y25*%
%IPPOS*%
%LPD*%
%AMOC8*
5,1,8,0,0,1.08239X$1,22.5*
%
%ADD10C,0.00000*%
D10*
X0001000Y0012811D02*
X0001000Y0126984D01*
X0001003Y0127269D01*
X0001014Y0127555D01*
X0001031Y0127840D01*
X0001055Y0128124D01*
X0001086Y0128408D01*
X0001124Y0128691D01*
X0001169Y0128972D01*
X0001220Y0129253D01*
X0001278Y0129533D01*
X0001343Y0129811D01*
X0001415Y0130087D01*
X0001493Y0130361D01*
X0001578Y0130634D01*
X0001670Y0130904D01*
X0001768Y0131172D01*
X0001872Y0131438D01*
X0001983Y0131701D01*
X0002100Y0131961D01*
X0002223Y0132219D01*
X0002353Y0132473D01*
X0002489Y0132724D01*
X0002630Y0132972D01*
X0002778Y0133216D01*
X0002931Y0133457D01*
X0003091Y0133693D01*
X0003256Y0133926D01*
X0003426Y0134155D01*
X0003602Y0134380D01*
X0003784Y0134600D01*
X0003970Y0134816D01*
X0004162Y0135027D01*
X0004359Y0135234D01*
X0004561Y0135436D01*
X0004768Y0135633D01*
X0004979Y0135825D01*
X0005195Y0136011D01*
X0005415Y0136193D01*
X0005640Y0136369D01*
X0005869Y0136539D01*
X0006102Y0136704D01*
X0006338Y0136864D01*
X0006579Y0137017D01*
X0006823Y0137165D01*
X0007071Y0137306D01*
X0007322Y0137442D01*
X0007576Y0137572D01*
X0007834Y0137695D01*
X0008094Y0137812D01*
X0008357Y0137923D01*
X0008623Y0138027D01*
X0008891Y0138125D01*
X0009161Y0138217D01*
X0009434Y0138302D01*
X0009708Y0138380D01*
X0009984Y0138452D01*
X0010262Y0138517D01*
X0010542Y0138575D01*
X0010823Y0138626D01*
X0011104Y0138671D01*
X0011387Y0138709D01*
X0011671Y0138740D01*
X0011955Y0138764D01*
X0012240Y0138781D01*
X0012526Y0138792D01*
X0012811Y0138795D01*
X0099425Y0138795D01*
X0099710Y0138792D01*
X0099996Y0138781D01*
X0100281Y0138764D01*
X0100565Y0138740D01*
X0100849Y0138709D01*
X0101132Y0138671D01*
X0101413Y0138626D01*
X0101694Y0138575D01*
X0101974Y0138517D01*
X0102252Y0138452D01*
X0102528Y0138380D01*
X0102802Y0138302D01*
X0103075Y0138217D01*
X0103345Y0138125D01*
X0103613Y0138027D01*
X0103879Y0137923D01*
X0104142Y0137812D01*
X0104402Y0137695D01*
X0104660Y0137572D01*
X0104914Y0137442D01*
X0105165Y0137306D01*
X0105413Y0137165D01*
X0105657Y0137017D01*
X0105898Y0136864D01*
X0106134Y0136704D01*
X0106367Y0136539D01*
X0106596Y0136369D01*
X0106821Y0136193D01*
X0107041Y0136011D01*
X0107257Y0135825D01*
X0107468Y0135633D01*
X0107675Y0135436D01*
X0107877Y0135234D01*
X0108074Y0135027D01*
X0108266Y0134816D01*
X0108452Y0134600D01*
X0108634Y0134380D01*
X0108810Y0134155D01*
X0108980Y0133926D01*
X0109145Y0133693D01*
X0109305Y0133457D01*
X0109458Y0133216D01*
X0109606Y0132972D01*
X0109747Y0132724D01*
X0109883Y0132473D01*
X0110013Y0132219D01*
X0110136Y0131961D01*
X0110253Y0131701D01*
X0110364Y0131438D01*
X0110468Y0131172D01*
X0110566Y0130904D01*
X0110658Y0130634D01*
X0110743Y0130361D01*
X0110821Y0130087D01*
X0110893Y0129811D01*
X0110958Y0129533D01*
X0111016Y0129253D01*
X0111067Y0128972D01*
X0111112Y0128691D01*
X0111150Y0128408D01*
X0111181Y0128124D01*
X0111205Y0127840D01*
X0111222Y0127555D01*
X0111233Y0127269D01*
X0111236Y0126984D01*
X0111236Y0012811D01*
X0111233Y0012526D01*
X0111222Y0012240D01*
X0111205Y0011955D01*
X0111181Y0011671D01*
X0111150Y0011387D01*
X0111112Y0011104D01*
X0111067Y0010823D01*
X0111016Y0010542D01*
X0110958Y0010262D01*
X0110893Y0009984D01*
X0110821Y0009708D01*
X0110743Y0009434D01*
X0110658Y0009161D01*
X0110566Y0008891D01*
X0110468Y0008623D01*
X0110364Y0008357D01*
X0110253Y0008094D01*
X0110136Y0007834D01*
X0110013Y0007576D01*
X0109883Y0007322D01*
X0109747Y0007071D01*
X0109606Y0006823D01*
X0109458Y0006579D01*
X0109305Y0006338D01*
X0109145Y0006102D01*
X0108980Y0005869D01*
X0108810Y0005640D01*
X0108634Y0005415D01*
X0108452Y0005195D01*
X0108266Y0004979D01*
X0108074Y0004768D01*
X0107877Y0004561D01*
X0107675Y0004359D01*
X0107468Y0004162D01*
X0107257Y0003970D01*
X0107041Y0003784D01*
X0106821Y0003602D01*
X0106596Y0003426D01*
X0106367Y0003256D01*
X0106134Y0003091D01*
X0105898Y0002931D01*
X0105657Y0002778D01*
X0105413Y0002630D01*
X0105165Y0002489D01*
X0104914Y0002353D01*
X0104660Y0002223D01*
X0104402Y0002100D01*
X0104142Y0001983D01*
X0103879Y0001872D01*
X0103613Y0001768D01*
X0103345Y0001670D01*
X0103075Y0001578D01*
X0102802Y0001493D01*
X0102528Y0001415D01*
X0102252Y0001343D01*
X0101974Y0001278D01*
X0101694Y0001220D01*
X0101413Y0001169D01*
X0101132Y0001124D01*
X0100849Y0001086D01*
X0100565Y0001055D01*
X0100281Y0001031D01*
X0099996Y0001014D01*
X0099710Y0001003D01*
X0099425Y0001000D01*
X0012811Y0001000D01*
X0012526Y0001003D01*
X0012240Y0001014D01*
X0011955Y0001031D01*
X0011671Y0001055D01*
X0011387Y0001086D01*
X0011104Y0001124D01*
X0010823Y0001169D01*
X0010542Y0001220D01*
X0010262Y0001278D01*
X0009984Y0001343D01*
X0009708Y0001415D01*
X0009434Y0001493D01*
X0009161Y0001578D01*
X0008891Y0001670D01*
X0008623Y0001768D01*
X0008357Y0001872D01*
X0008094Y0001983D01*
X0007834Y0002100D01*
X0007576Y0002223D01*
X0007322Y0002353D01*
X0007071Y0002489D01*
X0006823Y0002630D01*
X0006579Y0002778D01*
X0006338Y0002931D01*
X0006102Y0003091D01*
X0005869Y0003256D01*
X0005640Y0003426D01*
X0005415Y0003602D01*
X0005195Y0003784D01*
X0004979Y0003970D01*
X0004768Y0004162D01*
X0004561Y0004359D01*
X0004359Y0004561D01*
X0004162Y0004768D01*
X0003970Y0004979D01*
X0003784Y0005195D01*
X0003602Y0005415D01*
X0003426Y0005640D01*
X0003256Y0005869D01*
X0003091Y0006102D01*
X0002931Y0006338D01*
X0002778Y0006579D01*
X0002630Y0006823D01*
X0002489Y0007071D01*
X0002353Y0007322D01*
X0002223Y0007576D01*
X0002100Y0007834D01*
X0001983Y0008094D01*
X0001872Y0008357D01*
X0001768Y0008623D01*
X0001670Y0008891D01*
X0001578Y0009161D01*
X0001493Y0009434D01*
X0001415Y0009708D01*
X0001343Y0009984D01*
X0001278Y0010262D01*
X0001220Y0010542D01*
X0001169Y0010823D01*
X0001124Y0011104D01*
X0001086Y0011387D01*
X0001055Y0011671D01*
X0001031Y0011955D01*
X0001014Y0012240D01*
X0001003Y0012526D01*
X0001000Y0012811D01*
M02*
